<?xml version="1.0" encoding="UTF-8"?>
<!-- Generated by org.testng.reporters.JUnitXMLReporter -->
<testsuite ignored="0" hostname="LAPTOP-ARDAERE4" failures="0" tests="3" name="Command line test" time="0.053" errors="0" timestamp="2020-12-27T16:14:05 EST">
  <testcase classname="com.companyname.bank.consumerBanking.AppiumTest" name="testDemo" time="0.004"/>
  <testcase classname="com.companyname.bank.consumerBanking.RestAPITest" name="testDemo" time="0.0"/>
  <testcase classname="com.companyname.bank.consumerBanking.SeleniumTest" name="testDemo" time="0.0"/>
</testsuite> <!-- Command line test -->
