<?xml version="1.0" encoding="UTF-8"?>
<testng-results ignored="0" total="1" passed="1" failed="0" skipped="0">
  <reporter-output>
  </reporter-output>
  <suite started-at="2020-12-19T18:16:28 EST" name="Suite" finished-at="2020-12-19T18:16:28 EST" duration-ms="77">
    <groups>
    </groups>
    <test started-at="2020-12-19T18:16:28 EST" name="Test" finished-at="2020-12-19T18:16:28 EST" duration-ms="77">
      <class name="com.companyname.bank.consumerBanking.RestAPITest">
        <test-method signature="testDemo()[pri:0, instance:com.companyname.bank.consumerBanking.RestAPITest@68567e20]" started-at="2020-12-19T18:16:28 EST" name="testDemo" finished-at="2020-12-19T18:16:28 EST" duration-ms="16" status="PASS">
          <reporter-output>
          </reporter-output>
        </test-method> <!-- testDemo -->
      </class> <!-- com.companyname.bank.consumerBanking.RestAPITest -->
    </test> <!-- Test -->
  </suite> <!-- Suite -->
</testng-results>
